<?xml version="1.0" encoding="UTF-8"?>
<!-- Generated by org.testng.reporters.JUnitReportReporter -->
<testsuite skipped="0" hostname="DESKTOP-K261J56" name="com.Practice.DemoTest" tests="1" failures="0" timestamp="2021-12-10T17:19:51 IST" time="0.010" errors="0">
  <testcase name="demo" time="0.010" classname="com.Practice.DemoTest"/>
  <system-out/>
</testsuite> <!-- com.Practice.DemoTest -->
