<?xml version="1.0" encoding="UTF-8"?>
<!-- Generated by org.testng.reporters.JUnitReportReporter -->
<testsuite skipped="0" hostname="DESKTOP-K261J56" name="com.Practice.Demo" tests="1" failures="0" timestamp="2021-12-10T12:11:32 IST" time="0.020" errors="0">
  <testcase name="demoTest" time="0.020" classname="com.Practice.Demo"/>
  <system-out/>
</testsuite> <!-- com.Practice.Demo -->
